<?xml version="1.0" encoding="UTF-8"?>
<testng-results skipped="0" failed="0" ignored="0" total="1" passed="1">
  <reporter-output>
  </reporter-output>
  <suite name="Default suite" duration-ms="16659" started-at="2019-04-15T09:26:04Z" finished-at="2019-04-15T09:26:20Z">
    <groups>
      <group name="cucumber">
        <method signature="AbstractTestNGCucumberTests.runScenario(cucumber.api.testng.PickleEventWrapper, cucumber.api.testng.CucumberFeatureWrapper)[pri:0, instance:step_definitions.RunCukesTest@57536d79]" name="runScenario" class="cucumber.api.testng.AbstractTestNGCucumberTests"/>
      </group> <!-- cucumber -->
    </groups>
    <test name="Default test" duration-ms="16659" started-at="2019-04-15T09:26:04Z" finished-at="2019-04-15T09:26:20Z">
      <class name="step_definitions.RunCukesTest">
        <test-method status="PASS" signature="setUpClass()[pri:0, instance:step_definitions.RunCukesTest@57536d79]" name="setUpClass" is-config="true" duration-ms="80" started-at="2019-04-15T09:26:04Z" finished-at="2019-04-15T09:26:04Z">
          <reporter-output>
          </reporter-output>
        </test-method> <!-- setUpClass -->
        <test-method status="PASS" signature="onStart()[pri:0, instance:step_definitions.RunCukesTest@57536d79]" name="onStart" is-config="true" duration-ms="549" started-at="2019-04-15T09:26:04Z" finished-at="2019-04-15T09:26:04Z">
          <reporter-output>
          </reporter-output>
        </test-method> <!-- onStart -->
        <test-method status="PASS" signature="runScenario(cucumber.api.testng.PickleEventWrapper, cucumber.api.testng.CucumberFeatureWrapper)[pri:0, instance:step_definitions.RunCukesTest@57536d79]" name="runScenario" duration-ms="15747" started-at="2019-04-15T09:26:04Z" description="Runs Cucumber Scenarios" data-provider="scenarios" finished-at="2019-04-15T09:26:20Z">
          <params>
            <param index="0">
              <value>
                <![CDATA["Orwell sample test"]]>
              </value>
            </param>
            <param index="1">
              <value>
                <![CDATA["Orwell sample test"]]>
              </value>
            </param>
          </params>
          <reporter-output>
          </reporter-output>
        </test-method> <!-- runScenario -->
        <test-method status="FAIL" signature="onFinish()[pri:0, instance:step_definitions.RunCukesTest@57536d79]" name="onFinish" is-config="true" duration-ms="218" started-at="2019-04-15T09:26:20Z" finished-at="2019-04-15T09:26:20Z">
          <exception class="java.lang.NullPointerException">
            <full-stacktrace>
              <![CDATA[java.lang.NullPointerException
at utilities.KeywordUtil.onExecutionFinish(KeywordUtil.java:44)
at step_definitions.RunCukesTest.onFinish(RunCukesTest.java:83)
at sun.reflect.NativeMethodAccessorImpl.invoke0(Native Method)
at sun.reflect.NativeMethodAccessorImpl.invoke(NativeMethodAccessorImpl.java:62)
at sun.reflect.DelegatingMethodAccessorImpl.invoke(DelegatingMethodAccessorImpl.java:43)
at java.lang.reflect.Method.invoke(Method.java:498)
at org.testng.internal.MethodInvocationHelper.invokeMethod(MethodInvocationHelper.java:124)
at org.testng.internal.MethodInvocationHelper.invokeMethodConsideringTimeout(MethodInvocationHelper.java:59)
at org.testng.internal.Invoker.invokeConfigurationMethod(Invoker.java:455)
at org.testng.internal.Invoker.invokeConfigurations(Invoker.java:222)
at org.testng.internal.Invoker.invokeConfigurations(Invoker.java:142)
at org.testng.internal.TestMethodWorker.invokeAfterClassMethods(TestMethodWorker.java:214)
at org.testng.internal.TestMethodWorker.run(TestMethodWorker.java:111)
at org.testng.TestRunner.privateRun(TestRunner.java:648)
at org.testng.TestRunner.run(TestRunner.java:505)
at org.testng.SuiteRunner.runTest(SuiteRunner.java:455)
at org.testng.SuiteRunner.runSequentially(SuiteRunner.java:450)
at org.testng.SuiteRunner.privateRun(SuiteRunner.java:415)
at org.testng.SuiteRunner.run(SuiteRunner.java:364)
at org.testng.SuiteRunnerWorker.runSuite(SuiteRunnerWorker.java:52)
at org.testng.SuiteRunnerWorker.run(SuiteRunnerWorker.java:84)
at org.testng.TestNG.runSuitesSequentially(TestNG.java:1208)
at org.testng.TestNG.runSuitesLocally(TestNG.java:1137)
at org.testng.TestNG.runSuites(TestNG.java:1049)
at org.testng.TestNG.run(TestNG.java:1017)
at org.testng.remote.AbstractRemoteTestNG.run(AbstractRemoteTestNG.java:114)
at org.testng.remote.RemoteTestNG.initAndRun(RemoteTestNG.java:251)
at org.testng.remote.RemoteTestNG.main(RemoteTestNG.java:77)
]]>
            </full-stacktrace>
          </exception> <!-- java.lang.NullPointerException -->
          <reporter-output>
          </reporter-output>
        </test-method> <!-- onFinish -->
        <test-method status="PASS" signature="tearDownClass()[pri:0, instance:step_definitions.RunCukesTest@57536d79]" name="tearDownClass" is-config="true" duration-ms="21" started-at="2019-04-15T09:26:20Z" finished-at="2019-04-15T09:26:20Z">
          <reporter-output>
          </reporter-output>
        </test-method> <!-- tearDownClass -->
      </class> <!-- step_definitions.RunCukesTest -->
    </test> <!-- Default test -->
  </suite> <!-- Default suite -->
</testng-results>
